make.exe all --print-data-base --no-builtin-variables --no-builtin-rules --question
process_begin: CreateProcess(NULL, which flutter, ...) failed.
Makefile:2: pipe: Bad file descriptor

process_begin: CreateProcess(NULL, dirname, ...) failed.
Makefile:3: pipe: Bad file descriptor

make: *** No rule to make target 'all'.  Stop.

# GNU Make 4.3
# Built for Windows32
# Copyright (C) 1988-2020 Free Software Foundation, Inc.
# License GPLv3+: GNU GPL version 3 or later <http://gnu.org/licenses/gpl.html>
# This is free software: you are free to change and redistribute it.
# There is NO WARRANTY, to the extent permitted by law.

# Make data base, printed on Mon Aug 15 10:01:30 2022

# Variables

# environment
FPS_BROWSER_APP_PROFILE_STRING = Internet Explorer
# environment
SYSTEMDRIVE = C:
# environment
JAVA_HOME = C:\Program Files\Java\jdk-12.0.2
# environment
LC_ALL = C
# environment
USERPROFILE = C:\Users\ziqq
# environment
LOCALAPPDATA = C:\Users\ziqq\AppData\Local
# environment
VSCODE_CWD = C:\Users\ziqq\AppData\Local\Programs\Microsoft VS Code
# environment
CHOCOLATEYINSTALL = C:\ProgramData\chocolatey
# environment
SYSTEMROOT = C:\Windows
# environment
PROCESSOR_LEVEL = 6
# environment
PSMODULEPATH = C:\Program Files\WindowsPowerShell\Modules;C:\Windows\system32\WindowsPowerShell\v1.0\Modules
# default
MAKE_COMMAND := C:/ProgramData/chocolatey/lib/make/tools/install/bin/make.exe
# automatic
@D = $(patsubst %/,%,$(patsubst %\,%,$(dir $@)))
# environment
CHROME_CRASHPAD_PIPE_NAME = \\.\pipe\crashpad_10528_OFTWCKMCCVPUMUXO
# environment
FPS_BROWSER_USER_PROFILE_STRING = Default
# environment
VSCODE_HANDLES_UNCAUGHT_ERRORS = true
# default
.VARIABLES := 
# automatic
%D = $(patsubst %/,%,$(patsubst %\,%,$(dir $%)))
# automatic
^D = $(patsubst %/,%,$(patsubst %\,%,$(dir $^)))
# automatic
%F = $(notdir $%)
# environment
VSCODE_CODE_CACHE_PATH = C:\Users\ziqq\AppData\Roaming\Code\CachedData\da76f93349a72022ca4670c1b84860304616aaa2
# environment
LANG = C
# default
.LOADED := 
# environment
TMP = C:\Users\ziqq\AppData\Local\Temp
# default
.INCLUDE_DIRS = .
# makefile (from 'Makefile', line 2)
FLUTTER := 
# environment
PROCESSOR_ARCHITEW6432 = AMD64
# makefile
MAKEFLAGS = pqrR
# environment
ONEDRIVE = C:\Users\ziqq\OneDrive
# makefile
CURDIR := p:/bb/beautybox_app_business
# environment
APPLICATION_INSIGHTS_NO_DIAGNOSTIC_CHANNEL = true
# automatic
*D = $(patsubst %/,%,$(patsubst %\,%,$(dir $*)))
# environment
PROGRAMFILES = C:\Program Files (x86)
# environment
MFLAGS = -pqrR
# default
.SHELLFLAGS := -c
# environment
COMMONPROGRAMW6432 = C:\Program Files\Common Files
# automatic
+D = $(patsubst %/,%,$(patsubst %\,%,$(dir $+)))
# makefile (from 'Makefile', line 1)
MAKEFILE_LIST := Makefile
# automatic
@F = $(notdir $@)
# environment
VSCODE_PID = 10528
# automatic
?D = $(patsubst %/,%,$(patsubst %\,%,$(dir $?)))
# automatic
*F = $(notdir $*)
# automatic
<D = $(patsubst %/,%,$(patsubst %\,%,$(dir $<)))
# environment
VSCODE_NLS_CONFIG = {"locale":"ru","availableLanguages":{},"_languagePackSupport":true}
# default
MAKE_HOST := Windows32
# environment
PROGRAMDATA = C:\ProgramData
# default
SHELL := sh.exe
# environment
HOMEPATH = \Users\ziqq
# default
MAKECMDGOALS := all
# environment
DRIVERDATA = C:\Windows\System32\Drivers\DriverData
# environment
COMSPEC = C:\Windows\system32\cmd.exe
# environment
WINDIR = C:\Windows
# environment
MAKELEVEL := 0
# default
MAKE = $(MAKE_COMMAND)
# environment
PATH = C:\Windows\system32;C:\Windows;C:\Windows\System32\Wbem;C:\Windows\System32\WindowsPowerShell\v1.0\;C:\Windows\System32\OpenSSH\;C:\Program Files\Git\cmd;C:\Users\ziqq\AppData\Roaming\nvm;C:\Program Files\nodejs;C:\Program Files\dotnet\;C:\ProgramData\chocolatey\bin;C:\Program Files\WireGuard\;C:\Users\ziqq\AppData\Local\Programs\Python\Python39\Scripts\;C:\Users\ziqq\AppData\Local\Programs\Python\Python39\;C:\Users\ziqq\AppData\Local\Microsoft\WindowsApps;C:\Users\ziqq\AppData\Roaming\nvm;C:\Program Files\nodejs;P:\.dev\flutter\bin;C:\Program Files\Java\jdk-12.0.2;C:\Users\ziqq\AppData\Local\Pub\Cache\bin;C:\Users\ziqq\AppData\Local\Programs\Microsoft VS Code\bin
# environment
ZES_ENABLE_SYSMAN = 1
# environment
COMPUTERNAME = BB8
# default
MAKEFILES := 
# automatic
^F = $(notdir $^)
# environment
PROMPT = $P$G
# makefile (from 'Makefile', line 5)
DART := /cache/dart-sdk/bin/dart
# environment
CHOCOLATEYLASTPATHUPDATE = 132622772885718352
# makefile (from 'Makefile', line 1)
ROOT := P:/bb/beautybox_app_business
# environment
LOGONSERVER = \\BB8
# environment
USERNAME = ziqq
# environment
COMMONPROGRAMFILES = C:\Program Files (x86)\Common Files
# automatic
?F = $(notdir $?)
# environment
PROGRAMW6432 = C:\Program Files
# environment
PATHEXT = .COM;.EXE;.BAT;.CMD;.VBS;.VBE;.JS;.JSE;.WSF;.WSH;.MSC
# automatic
+F = $(notdir $+)
# environment
ORIGINAL_XDG_CURRENT_DESKTOP = undefined
# makefile (from 'Makefile', line 3)
FLUTTER_BIN_DIR := 
# environment
USERDOMAIN = BB8
# 'override' directive
GNUMAKEFLAGS := 
# environment
OS = Windows_NT
# environment
ZENNOPOSTERCURRENTPATH = C:\Program Files\ZennoLab\RU\ZennoBox V7\7.5.0.0\Progs
# environment
__COMPAT_LAYER = DetectorsAppHealth
# makefile
.DEFAULT_GOAL := help
# environment
NVM_HOME = C:\Users\ziqq\AppData\Roaming\nvm
# default
MAKE_VERSION := 4.3
# 'override' directive
.SHELLSTATUS := 127
# environment
PROGRAMFILES(X86) = C:\Program Files (x86)
# environment
USERDOMAIN_ROAMINGPROFILE = BB8
# environment
NUMBER_OF_PROCESSORS = 6
# environment
ZENNOPOSTERDLLPATH = C:\Program Files\ZennoLab\RU\ZennoBox V7\7.5.0.0\Progs
# environment
PUBLIC = C:\Users\Public
# environment
APPDATA = C:\Users\ziqq\AppData\Roaming
# environment
HOMEDRIVE = C:
# environment
NVM_SYMLINK = C:\Program Files\nodejs
# environment
PROCESSOR_ARCHITECTURE = x86
# environment
VSCODE_AMD_ENTRYPOINT = vs/workbench/api/node/extensionHostProcess
# makefile (from 'Makefile', line 4)
FLUTTER_DIR := 
# environment
COMMONPROGRAMFILES(X86) = C:\Program Files (x86)\Common Files
# environment
ELECTRON_RUN_AS_NODE = 1
# environment
TEMP = C:\Users\ziqq\AppData\Local\Temp
# environment
VSCODE_IPC_HOOK = \\.\pipe\e839ca982536b1bd5ae6af91a1211b18-1.70.0-main-sock
# environment
PUB_CACHE = C:\Users\ziqq\AppData\Local\Pub\Cache\bin
# default
.RECIPEPREFIX := 
# auto 
matic
<F = $(notdir $<)
# default
SUFFIXES := 
# environment
ALLUSERSPROFILE = C:\ProgramData
# environment
SESSIONNAME = Console
# default
.FEATURES := target-specific order-only second-expansion else-if shortest-stem undefine oneshell nocomment grouped-target extra-prereqs archives jobserver output-sync load
# environment
PROCESSOR_REVISION = 9e0a
# environment
PROCESSOR_IDENTIFIER = Intel64 Family 6 Model 158 Stepping 10, GenuineIntel
# variable set hash-table stats:
# Load=105/1024=10%, Rehash=0, Collisions=12/149=8%

# Pattern-specific Variable Values

# No pattern-specific variable values.

# Directories

# . (key p:/bb/beautybox_app_business, mtime 1660292755): 33 files, no impossibilities.

# 33 files, no impossibilities in 1 directories.

# Implicit Rules

# No implicit rules.

# Files

lint:
#  Phony target (prerequisite of .PHONY).
#  Implicit rule search has not been done.
#  File does not exist.
#  File has not been updated.
#  recipe to execute (from 'Makefile', line 78):
	@echo "╠ Verifying code..."
	@dart analyze . || (echo "▓▓ Lint error ▓▓"; exit 1)
	@echo "╠ Verifying lib..."
	@flutter analyze lib test || (echo "▓▓ Lint lib error ▓▓"; exit 1)

build_ios:
#  Phony target (prerequisite of .PHONY).
#  Implicit rule search has not been done.
#  File does not exist.
#  File has not been updated.
#  recipe to execute (from 'Makefile', line 33):
	make lint
	make run_unit
	make config_prod
	@echo "╠ Start building..."
	@flutter build ios --release --no-codesign || (echo "▓▓ Build error ▓▓"; exit 1)
	make config_dev

# Not a target:
Makefile:
#  Implicit rule search has been done.
#  Last modified 2022-08-12 12:25:55
#  File has been updated.
#  Successfully updated.

clean:
#  Phony target (prerequisite of .PHONY).
#  Implicit rule search has not been done.
#  File does not exist.
#  File has not been updated.
#  recipe to execute (from 'Makefile', line 100):
	@echo "╠ Cleaning the bb_repositories package..."
	@cd packages/bb_repositories; rm -rf pubspec.lock; flutter clean; flutter pub get
	@echo "╠ Cleaning the bb_ui_kit package..."
	@cd packages/bb_ui_kit; rm -rf pubspec.lock; flutter clean; flutter pub get
	@echo "╠ Cleaning the bb_auth package..."
	@cd packages/bb_auth; rm -rf pubspec.lock; flutter clean; flutter pub get
	@echo "╠ Cleaning the project..."
	@rm -rf pubspec.lock; flutter clean; flutter pub get
	@echo "╠ Cleaning the project cache..."
	@flutter pub cache repair

icons:
#  Phony target (prerequisite of .PHONY).
#  Implicit rule search has not been done.
#  File does not exist.
#  File has not been updated.
#  recipe to execute (from 'Makefile', line 51):
	@echo "╠ Making the locator"
	@flutter pub run flutter_launcher_icons:main

get_packages:
#  Phony target (prerequisite of .PHONY).
#  Implicit rule search has not been done.
#  File does not exist.
#  File has not been updated.
#  recipe to execute (from 'Makefile', line 85):
	@echo "╠ Getting the packages in calendar_timeline..."
	@cd packages/calendar_timeline; flutter pub get
	@echo "╠ Getting the packages in check_box_rounded..."
	@cd packages/check_box_rounded; flutter pub get
	@echo "╠ Getting the packages in metrica_plugin..."
	@cd packages/metrica_plugin; flutter pub get
	@echo "╠ Getting the packages in bb_repositories..."
	@cd packages/bb_repositories; flutter pub get
	@echo "╠ Getting the packages in bb_ui_kit..."
	@cd packages/bb_ui_kit; flutter pub get
	@echo "╠ Getting the packages in bb_auth..."
	@cd packages/bb_auth; flutter pub get

run_unit:
#  Phony target (prerequisite of .PHONY).
#  Implicit rule search has not been done.
#  File does not exist.
#  File has not been updated.
#  recipe to execute (from 'Makefile', line 70):
	@echo "╠ Running the tests..."
	@flutter test --coverage  || (echo "▓▓ Error while running tests ▓▓"; exit 1)
	lcov --remove coverage/lcov.info -o coverage/lcov.info
	lcov --remove coverage/lcov.info 'lib/app/app.logger.dart' 'lib/app/app.router.dart' 'lib/app/locator.dart' 'lib/app/locator.config.dart' 'lib/app/**/widgets/skeleton/*' 'lib/app/**/widgets/**/widgets/*' 'lib/app/**/view/*' 'lib/app/**/models/*' 'lib/app_widgets/*' 'lib/config/*' 'lib/src/models/*' -o coverage/lcov.info
	genhtml coverage/lcov.info --output=coverage -o coverage/html

# Not a target:
.DEFAULT:
#  Implicit rule search has not been done.
#  Modification time never checked.
#  File has not been updated.

config_prod:
#  Phony target (prerequisite of .PHONY).
#  Implicit rule search has not been done.
#  File does not exist.
#  File has not been updated.
#  recipe to execute (from 'Makefile', line 27):
	@echo "╠ Configure prod environment..."
	@rm -rf .env
	@cp -n .env.production .env

# Not a target:
all:
#  Command line target.
#  Implicit rule search has been done.
#  File does not exist.
#  File has not been updated.

help:
#  Implicit rule search has not been done.
#  Modification time never checked.
#  File has not been updated.
#  recipe to execute (from 'Makefile', line 9):
	@IFS=$$'\n' ; \
	help_lines=(`fgrep -h "##" $(MAKEFILE_LIST) | fgrep -v fgrep | sed -e 's/\\$$//'`); \
	for help_line in $${help_lines[@]}; do \
			IFS=$$'#' ; \
			help_split=($$help_line) ; \
			help_command=`echo $${help_split[0]} | sed -e 's/^ *//' -e 's/ *$$//'` ; \
			help_info=`echo $${help_split[2]} | sed -e 's/^ *//' -e 's/ *$$//'` ; \
			printf "%-30s %s\n" $$help_command $$help_info ; \
	done

config_dev:
#  Phony target (prerequisite of .PHONY).
#  Implicit rule search has not been done.
#  File does not exist.
#  File has not been updated.
#  recipe to execute (from 'Makefile', line 21):
	@echo "╠ Configure dev environment..."
	@rm -rf .env
	@cp -n .env.development .env

build_android:
#  Phony target (prerequisite of .PHONY).
#  Implicit rule search has not been done.
#  File does not exist.
#  File has not been updated.
#  recipe to execute (from 'Makefile', line 42):
	make lint
	make run_unit
	make config_prod
	@echo "╠ Start building..."
	@flutter build appbundle || (echo "▓▓ Build error ▓▓"; exit 1)
	make config_dev

format:
#  Phony target (prerequisite of .PHONY).
#  Implicit rule search has not been done.
#  File does not exist.
#  File has not been updated.
#  recipe to execute (from 'Makefile', line 65):
	@echo "╠ Formatting the code..."
	@dart format . || (echo "▓▓ Format error ▓▓"; exit 1)

locator_watch:
#  Phony target (prerequisite of .PHONY).
#  Implicit rule search has not been done.
#  File does not exist.
#  File has not been updated.
#  recipe to execute (from 'Makefile', line 61):
	flutter pub run build_runner watch --delete-conflicting-outputs

.PHONY: config_dev config_prod build_ios build_android icons locator locator_watch format run_unit lint get_packages clean
#  Implicit rule search has not been done.
#  Modification time never checked.
#  File has not been updated.

locator:
#  Phony target (prerequisite of .PHONY).
#  Implicit rule search has not been done.
#  File does not exist.
#  File has not been updated.
#  recipe to execute (from 'Makefile', line 56):
	@echo "╠ Making the locator..."
	@flutter pub run build_runner build --delete-conflicting-outputs

# files hash-table stats:
# Load=18/1024=2%, Rehash=0, Collisions=3/63=5%
# VPATH Search Paths

# No 'vpath' search paths.

# No general ('VPATH' variable) search path.

# strcache buffers: 1 (0) / strings = 50 / storage = 504 B / avg = 10 B
# current buf: size = 8174 B / used = 504 B / count = 50 / avg = 10 B

# strcache performance: lookups = 102 / hit rate = 50%
# hash-table stats:
# Load=50/8192=1%, Rehash=0, Collisions=0/102=0%
# Finished Make data base on Mon Aug 15 10:01:30 2022

 
